#
# There is insufficient memory for the Java Runtime Environment to continue.
# Native memory allocation (malloc) failed to allocate 32744 bytes. Error detail: Chunk::new
# Possible reasons:
#   The system is out of physical RAM or swap space
#   This process is running with CompressedOops enabled, and the Java Heap may be blocking the growth of the native heap
# Possible solutions:
#   Reduce memory load on the system
#   Increase physical memory or swap space
#   Check if swap backing store is full
#   Decrease Java heap size (-Xmx/-Xms)
#   Decrease number of Java threads
#   Decrease Java thread stack sizes (-Xss)
#   Set larger code cache with -XX:ReservedCodeCacheSize=
#   JVM is running with Unscaled Compressed Oops mode in which the Java heap is
#     placed in the first 4GB address space. The Java Heap base address is the
#     maximum limit for the native heap growth. Please use -XX:HeapBaseMinAddress
#     to set the Java Heap base and to place the Java Heap above 4GB virtual address.
# This output file may be truncated or incomplete.
#
#  Out of Memory Error (arena.cpp:168), pid=13700, tid=4204
#
# JRE version: OpenJDK Runtime Environment Temurin-21.0.7+6 (21.0.7+6) (build 21.0.7+6-LTS)
# Java VM: OpenJDK 64-Bit Server VM Temurin-21.0.7+6 (21.0.7+6-LTS, mixed mode, sharing, tiered, compressed oops, compressed class ptrs, parallel gc, windows-amd64)
# No core dump will be written. Minidumps are not enabled by default on client versions of Windows
#

---------------  S U M M A R Y ------------

Command Line: --add-modules=ALL-SYSTEM --add-opens=java.base/java.util=ALL-UNNAMED --add-opens=java.base/java.lang=ALL-UNNAMED --add-opens=java.base/sun.nio.fs=ALL-UNNAMED -Declipse.application=org.eclipse.jdt.ls.core.id1 -Dosgi.bundles.defaultStartLevel=4 -Declipse.product=org.eclipse.jdt.ls.core.product -Djava.import.generatesMetadataFilesAtProjectRoot=false -DDetectVMInstallationsJob.disabled=true -Dfile.encoding=utf8 -XX:+UseParallelGC -XX:GCTimeRatio=4 -XX:AdaptiveSizePolicyWeight=90 -Dsun.zip.disableMemoryMapping=true -Xmx1G -Xms100m -Xlog:disable -javaagent:c:\Users\Muhammad_Irfan\.vscode\extensions\redhat.java-1.42.0-win32-x64\lombok\lombok-1.18.36.jar -XX:+HeapDumpOnOutOfMemoryError -XX:HeapDumpPath=c:\Users\Muhammad_Irfan\AppData\Roaming\Code\User\workspaceStorage\95e866c9c986844f904b49aea24b03ea\redhat.java -Daether.dependencyCollector.impl=bf c:\Users\Muhammad_Irfan\.vscode\extensions\redhat.java-1.42.0-win32-x64\server\plugins\org.eclipse.equinox.launcher_1.7.0.v20250424-1814.jar -configuration c:\Users\Muhammad_Irfan\AppData\Roaming\Code\User\globalStorage\redhat.java\1.42.0\config_win -data c:\Users\Muhammad_Irfan\AppData\Roaming\Code\User\workspaceStorage\95e866c9c986844f904b49aea24b03ea\redhat.java\jdt_ws --pipe=\\.\pipe\lsp-52b4ded35f29a6e9e62db6b3f6864219-sock

Host: Intel(R) Core(TM) i7-8550U CPU @ 1.80GHz, 8 cores, 7G,  Windows 11 , 64 bit Build 26100 (10.0.26100.3912)
Time: Thu May 22 13:24:12 2025 W. Europe Summer Time elapsed time: 55.995241 seconds (0d 0h 0m 55s)

---------------  T H R E A D  ---------------

Current thread (0x0000016ac69b5530):  JavaThread "C2 CompilerThread1" daemon [_thread_in_native, id=4204, stack(0x00000045eb800000,0x00000045eb900000) (1024K)]


Current CompileTask:
C2:55995 9378       4       java.lang.invoke.DirectMethodHandle::make (275 bytes)

Stack: [0x00000045eb800000,0x00000045eb900000]
Native frames: (J=compiled Java code, j=interpreted, Vv=VM code, C=native code)
V  [jvm.dll+0x6ce119]
V  [jvm.dll+0x8a84a1]
V  [jvm.dll+0x8aa9ce]
V  [jvm.dll+0x8ab0b3]
V  [jvm.dll+0x27f8a6]
V  [jvm.dll+0xc507d]
V  [jvm.dll+0xc55b3]
V  [jvm.dll+0x3bc12d]
V  [jvm.dll+0x3bb951]
V  [jvm.dll+0x3bb994]
V  [jvm.dll+0x3b4e8c]
V  [jvm.dll+0x1e0067]
V  [jvm.dll+0x247c42]
V  [jvm.dll+0x2470cf]
V  [jvm.dll+0x1c760e]
V  [jvm.dll+0x25695a]
V  [jvm.dll+0x254efa]
V  [jvm.dll+0x3f03f6]
V  [jvm.dll+0x851f6b]
V  [jvm.dll+0x6cc7dd]
C  [ucrtbase.dll+0x37b0]
C  [KERNEL32.DLL+0x2e8d7]
C  [ntdll.dll+0x9c5dc]


---------------  P R O C E S S  ---------------

Threads class SMR info:
_java_thread_list=0x0000016aff177ef0, length=50, elements={
0x0000016ae67bad10, 0x0000016afab75bb0, 0x0000016afab77470, 0x0000016afab7bfc0,
0x0000016afab7deb0, 0x0000016afab7f2f0, 0x0000016afab7fd40, 0x0000016afab85890,
0x0000016afc568050, 0x0000016ae682ad30, 0x0000016afc8b7df0, 0x0000016afd057fb0,
0x0000016afd219e50, 0x0000016afcf31250, 0x0000016afcf318b0, 0x0000016afd68fa10,
0x0000016afd198a50, 0x0000016afca0fad0, 0x0000016afca0cce0, 0x0000016afca0e090,
0x0000016afca0da00, 0x0000016afca0e720, 0x0000016afca0edb0, 0x0000016afca10160,
0x0000016afca0d370, 0x0000016afca0f440, 0x0000016ac5643f60, 0x0000016ac5642520,
0x0000016ac56445f0, 0x0000016ac5644c80, 0x0000016ac56459a0, 0x0000016ac5645310,
0x0000016ac56438d0, 0x0000016ac5646030, 0x0000016ac5642bb0, 0x0000016ac5643240,
0x0000016ac56494b0, 0x0000016ac5648100, 0x0000016ac56473e0, 0x0000016ac5647a70,
0x0000016ac5649b40, 0x0000016ac56466c0, 0x0000016ac5648790, 0x0000016ac5648e20,
0x0000016afd6a61c0, 0x0000016afd6a6ee0, 0x0000016afd6a6850, 0x0000016afd6a7570,
0x0000016ac69b5530, 0x0000016afd6a4e10
}

Java Threads: ( => current thread )
  0x0000016ae67bad10 JavaThread "main"                              [_thread_blocked, id=12132, stack(0x00000045e7c00000,0x00000045e7d00000) (1024K)]
  0x0000016afab75bb0 JavaThread "Reference Handler"          daemon [_thread_blocked, id=19528, stack(0x00000045e8000000,0x00000045e8100000) (1024K)]
  0x0000016afab77470 JavaThread "Finalizer"                  daemon [_thread_blocked, id=5552, stack(0x00000045e8100000,0x00000045e8200000) (1024K)]
  0x0000016afab7bfc0 JavaThread "Signal Dispatcher"          daemon [_thread_blocked, id=19328, stack(0x00000045e8200000,0x00000045e8300000) (1024K)]
  0x0000016afab7deb0 JavaThread "Attach Listener"            daemon [_thread_blocked, id=26032, stack(0x00000045e8300000,0x00000045e8400000) (1024K)]
  0x0000016afab7f2f0 JavaThread "Service Thread"             daemon [_thread_blocked, id=15908, stack(0x00000045e8400000,0x00000045e8500000) (1024K)]
  0x0000016afab7fd40 JavaThread "Monitor Deflation Thread"   daemon [_thread_blocked, id=8076, stack(0x00000045e8500000,0x00000045e8600000) (1024K)]
  0x0000016afab85890 JavaThread "C2 CompilerThread0"         daemon [_thread_blocked, id=6284, stack(0x00000045e8600000,0x00000045e8700000) (1024K)]
  0x0000016afc568050 JavaThread "C1 CompilerThread0"         daemon [_thread_blocked, id=7464, stack(0x00000045e8700000,0x00000045e8800000) (1024K)]
  0x0000016ae682ad30 JavaThread "Common-Cleaner"             daemon [_thread_blocked, id=21320, stack(0x00000045e8800000,0x00000045e8900000) (1024K)]
  0x0000016afc8b7df0 JavaThread "Notification Thread"        daemon [_thread_blocked, id=20632, stack(0x00000045e8900000,0x00000045e8a00000) (1024K)]
  0x0000016afd057fb0 JavaThread "Active Thread: Equinox Container: bb3345ef-be6c-406b-91dd-e75115587c31"        [_thread_blocked, id=18920, stack(0x00000045e9100000,0x00000045e9200000) (1024K)]
  0x0000016afd219e50 JavaThread "Refresh Thread: Equinox Container: bb3345ef-be6c-406b-91dd-e75115587c31" daemon [_thread_blocked, id=5456, stack(0x00000045e9200000,0x00000045e9300000) (1024K)]
  0x0000016afcf31250 JavaThread "Framework Event Dispatcher: Equinox Container: bb3345ef-be6c-406b-91dd-e75115587c31" daemon [_thread_blocked, id=3644, stack(0x00000045e9400000,0x00000045e9500000) (1024K)]
  0x0000016afcf318b0 JavaThread "Start Level: Equinox Container: bb3345ef-be6c-406b-91dd-e75115587c31" daemon [_thread_blocked, id=11860, stack(0x00000045e9500000,0x00000045e9600000) (1024K)]
  0x0000016afd68fa10 JavaThread "Bundle File Closer"         daemon [_thread_blocked, id=15544, stack(0x00000045e9600000,0x00000045e9700000) (1024K)]
  0x0000016afd198a50 JavaThread "SCR Component Actor"        daemon [_thread_blocked, id=5032, stack(0x00000045e8a00000,0x00000045e8b00000) (1024K)]
  0x0000016afca0fad0 JavaThread "Worker-JM"                         [_thread_blocked, id=26472, stack(0x00000045e9800000,0x00000045e9900000) (1024K)]
  0x0000016afca0cce0 JavaThread "Worker-0"                          [_thread_blocked, id=2200, stack(0x00000045e9a00000,0x00000045e9b00000) (1024K)]
  0x0000016afca0e090 JavaThread "Worker-1"                          [_thread_blocked, id=21236, stack(0x00000045e9b00000,0x00000045e9c00000) (1024K)]
  0x0000016afca0da00 JavaThread "Worker-2"                          [_thread_blocked, id=18724, stack(0x00000045e9900000,0x00000045e9a00000) (1024K)]
  0x0000016afca0e720 JavaThread "Worker-3"                          [_thread_blocked, id=14456, stack(0x00000045e9d00000,0x00000045e9e00000) (1024K)]
  0x0000016afca0edb0 JavaThread "Java indexing"              daemon [_thread_blocked, id=25136, stack(0x00000045e9e00000,0x00000045e9f00000) (1024K)]
  0x0000016afca10160 JavaThread "JNA Cleaner"                daemon [_thread_blocked, id=24444, stack(0x00000045e9f00000,0x00000045ea000000) (1024K)]
  0x0000016afca0d370 JavaThread "Worker-4"                          [_thread_blocked, id=21620, stack(0x00000045ea200000,0x00000045ea300000) (1024K)]
  0x0000016afca0f440 JavaThread "Worker-5"                          [_thread_blocked, id=20132, stack(0x00000045ea300000,0x00000045ea400000) (1024K)]
  0x0000016ac5643f60 JavaThread "Thread-2"                   daemon [_thread_in_native, id=6396, stack(0x00000045ea400000,0x00000045ea500000) (1024K)]
  0x0000016ac5642520 JavaThread "Thread-3"                   daemon [_thread_in_native, id=11688, stack(0x00000045ea500000,0x00000045ea600000) (1024K)]
  0x0000016ac56445f0 JavaThread "Thread-4"                   daemon [_thread_in_native, id=6528, stack(0x00000045ea600000,0x00000045ea700000) (1024K)]
  0x0000016ac5644c80 JavaThread "Thread-5"                   daemon [_thread_in_native, id=18504, stack(0x00000045ea700000,0x00000045ea800000) (1024K)]
  0x0000016ac56459a0 JavaThread "Thread-6"                   daemon [_thread_in_native, id=29220, stack(0x00000045ea800000,0x00000045ea900000) (1024K)]
  0x0000016ac5645310 JavaThread "Thread-7"                   daemon [_thread_in_native, id=23904, stack(0x00000045ea900000,0x00000045eaa00000) (1024K)]
  0x0000016ac56438d0 JavaThread "Thread-8"                   daemon [_thread_in_native, id=29104, stack(0x00000045eaa00000,0x00000045eab00000) (1024K)]
  0x0000016ac5646030 JavaThread "Thread-9"                   daemon [_thread_in_native, id=26144, stack(0x00000045eab00000,0x00000045eac00000) (1024K)]
  0x0000016ac5642bb0 JavaThread "Thread-10"                  daemon [_thread_in_native, id=12252, stack(0x00000045eac00000,0x00000045ead00000) (1024K)]
  0x0000016ac5643240 JavaThread "pool-2-thread-1"                   [_thread_blocked, id=17540, stack(0x00000045ead00000,0x00000045eae00000) (1024K)]
  0x0000016ac56494b0 JavaThread "WorkspaceEventsHandler"            [_thread_blocked, id=6580, stack(0x00000045eaf00000,0x00000045eb000000) (1024K)]
  0x0000016ac5648100 JavaThread "pool-1-thread-1"                   [_thread_blocked, id=19536, stack(0x00000045eb000000,0x00000045eb100000) (1024K)]
  0x0000016ac56473e0 JavaThread "ForkJoinPool.commonPool-worker-1" daemon [_thread_blocked, id=18488, stack(0x00000045e7900000,0x00000045e7a00000) (1024K)]
  0x0000016ac5647a70 JavaThread "Compiler Source File Reader" daemon [_thread_blocked, id=10676, stack(0x00000045e9700000,0x00000045e9800000) (1024K)]
  0x0000016ac5649b40 JavaThread "ForkJoinPool.commonPool-worker-2" daemon [_thread_blocked, id=19532, stack(0x00000045eb100000,0x00000045eb200000) (1024K)]
  0x0000016ac56466c0 JavaThread "ForkJoinPool.commonPool-worker-3" daemon [_thread_blocked, id=19392, stack(0x00000045eb200000,0x00000045eb300000) (1024K)]
  0x0000016ac5648790 JavaThread "Compiler Processing Task"   daemon [_thread_blocked, id=16516, stack(0x00000045eb300000,0x00000045eb400000) (1024K)]
  0x0000016ac5648e20 JavaThread "ForkJoinPool.commonPool-worker-4" daemon [_thread_blocked, id=10292, stack(0x00000045eb400000,0x00000045eb500000) (1024K)]
  0x0000016afd6a61c0 JavaThread "ForkJoinPool.commonPool-worker-5" daemon [_thread_blocked, id=14016, stack(0x00000045eb500000,0x00000045eb600000) (1024K)]
  0x0000016afd6a6ee0 JavaThread "ForkJoinPool.commonPool-worker-6" daemon [_thread_blocked, id=13804, stack(0x00000045e9c00000,0x00000045e9d00000) (1024K)]
  0x0000016afd6a6850 JavaThread "ForkJoinPool.commonPool-worker-7" daemon [_thread_blocked, id=25584, stack(0x00000045eb600000,0x00000045eb700000) (1024K)]
  0x0000016afd6a7570 JavaThread "Thread-11"                  daemon [_thread_blocked, id=28852, stack(0x00000045eb700000,0x00000045eb800000) (1024K)]
=>0x0000016ac69b5530 JavaThread "C2 CompilerThread1"         daemon [_thread_in_native, id=4204, stack(0x00000045eb800000,0x00000045eb900000) (1024K)]
  0x0000016afd6a4e10 JavaThread "Cleaner-0"                  daemon [_thread_blocked, id=24048, stack(0x00000045eb900000,0x00000045eba00000) (1024K)]
Total: 50

Other Threads:
  0x0000016ae687ebc0 VMThread "VM Thread"                           [id=1692, stack(0x00000045e7f00000,0x00000045e8000000) (1024K)]
  0x0000016afaa8ca00 WatcherThread "VM Periodic Task Thread"        [id=9452, stack(0x00000045e7e00000,0x00000045e7f00000) (1024K)]
  0x0000016ae67db270 WorkerThread "GC Thread#0"                     [id=19940, stack(0x00000045e7d00000,0x00000045e7e00000) (1024K)]
  0x0000016afd010ec0 WorkerThread "GC Thread#1"                     [id=6992, stack(0x00000045e8b00000,0x00000045e8c00000) (1024K)]
  0x0000016afcc9e410 WorkerThread "GC Thread#2"                     [id=25508, stack(0x00000045e8c00000,0x00000045e8d00000) (1024K)]
  0x0000016afcc9e7b0 WorkerThread "GC Thread#3"                     [id=15756, stack(0x00000045e8d00000,0x00000045e8e00000) (1024K)]
  0x0000016afcc9eb50 WorkerThread "GC Thread#4"                     [id=17504, stack(0x00000045e8e00000,0x00000045e8f00000) (1024K)]
  0x0000016afcc9eef0 WorkerThread "GC Thread#5"                     [id=12968, stack(0x00000045e8f00000,0x00000045e9000000) (1024K)]
  0x0000016afcc9f290 WorkerThread "GC Thread#6"                     [id=27972, stack(0x00000045e9000000,0x00000045e9100000) (1024K)]
  0x0000016afd21a4b0 WorkerThread "GC Thread#7"                     [id=25924, stack(0x00000045e9300000,0x00000045e9400000) (1024K)]
Total: 10

Threads with active compile tasks:
C2 CompilerThread0  56096 9507       4       java.lang.invoke.MethodHandles$Lookup::getDirectFieldNoSecurityManager (12 bytes)
C2 CompilerThread1  56097 9378       4       java.lang.invoke.DirectMethodHandle::make (275 bytes)
Total: 2

VM state: at safepoint (normal execution)

VM Mutex/Monitor currently owned by a thread:  ([mutex/lock_event])
[0x00007ffb9ee6e308] Threads_lock - owner thread: 0x0000016ae687ebc0
[0x00007ffb9ee6e408] Heap_lock - owner thread: 0x0000016afd6a7570
[0x00007ffb9ee6e888] PSOldGenExpand_lock - owner thread: 0x0000016afd21a4b0

Heap address: 0x00000000c0000000, size: 1024 MB, Compressed Oops mode: 32-bit

CDS archive(s) mapped at: [0x0000016a80000000-0x0000016a80ba0000-0x0000016a80ba0000), size 12189696, SharedBaseAddress: 0x0000016a80000000, ArchiveRelocationMode: 1.
Compressed class space mapped at: 0x0000016a81000000-0x0000016ac1000000, reserved size: 1073741824
Narrow klass base: 0x0000016a80000000, Narrow klass shift: 0, Narrow klass range: 0x100000000

GC Precious Log:
 CardTable entry size: 512
 CPUs: 8 total, 8 available
 Memory: 8025M
 Large Page Support: Disabled
 NUMA Support: Disabled
 Compressed Oops: Enabled (32-bit)
 Alignments: Space 512K, Generation 512K, Heap 2M
 Heap Min Capacity: 100M
 Heap Initial Capacity: 100M
 Heap Max Capacity: 1G
 Pre-touch: Disabled
 Parallel Workers: 8

Heap:
 PSYoungGen      total 4608K, used 4544K [0x00000000eab00000, 0x00000000eb180000, 0x0000000100000000)
  eden space 2560K, 100% used [0x00000000eab00000,0x00000000ead80000,0x00000000ead80000)
  from space 2048K, 96% used [0x00000000eae00000,0x00000000eaff0000,0x00000000eb000000)
  to   space 1536K, 12% used [0x00000000eb000000,0x00000000eb030000,0x00000000eb180000)
 ParOldGen       total 511488K, used 511487K [0x00000000c0000000, 0x00000000df380000, 0x00000000eab00000)
  object space 511488K, 99% used [0x00000000c0000000,0x00000000df37fef8,0x00000000df380000)
 Metaspace       used 66140K, committed 67456K, reserved 1114112K
  class space    used 6975K, committed 7552K, reserved 1048576K

Card table byte_map: [0x0000016ae6160000,0x0000016ae6370000] _byte_map_base: 0x0000016ae5b60000

Marking Bits: (ParMarkBitMap*) 0x00007ffb9ee731f0
 Begin Bits: [0x0000016af89b0000, 0x0000016af99b0000)
 End Bits:   [0x0000016af99b0000, 0x0000016afa9b0000)

Polling page: 0x0000016ae4570000

Metaspace:

Usage:
  Non-class:     57.78 MB used.
      Class:      6.81 MB used.
       Both:     64.59 MB used.

Virtual space:
  Non-class space:       64.00 MB reserved,      58.50 MB ( 91%) committed,  1 nodes.
      Class space:        1.00 GB reserved,       7.38 MB ( <1%) committed,  1 nodes.
             Both:        1.06 GB reserved,      65.88 MB (  6%) committed. 

Chunk freelists:
   Non-Class:  5.41 MB
       Class:  8.64 MB
        Both:  14.05 MB

MaxMetaspaceSize: unlimited
CompressedClassSpaceSize: 1.00 GB
Initial GC threshold: 21.00 MB
Current GC threshold: 97.31 MB
CDS: on
 - commit_granule_bytes: 65536.
 - commit_granule_words: 8192.
 - virtual_space_node_default_size: 8388608.
 - enlarge_chunks_in_place: 1.
 - use_allocation_guard: 0.


Internal statistics:

num_allocs_failed_limit: 11.
num_arena_births: 1002.
num_arena_deaths: 26.
num_vsnodes_births: 2.
num_vsnodes_deaths: 0.
num_space_committed: 1054.
num_space_uncommitted: 0.
num_chunks_returned_to_freelist: 41.
num_chunks_taken_from_freelist: 3835.
num_chunk_merges: 18.
num_chunk_splits: 2411.
num_chunks_enlarged: 1396.
num_inconsistent_stats: 0.

CodeHeap 'non-profiled nmethods': size=120000Kb used=6754Kb max_used=6754Kb free=113245Kb
 bounds [0x0000016af1480000, 0x0000016af1b20000, 0x0000016af89b0000]
CodeHeap 'profiled nmethods': size=120000Kb used=18617Kb max_used=18617Kb free=101382Kb
 bounds [0x0000016ae99b0000, 0x0000016aeabe0000, 0x0000016af0ee0000]
CodeHeap 'non-nmethods': size=5760Kb used=1478Kb max_used=1564Kb free=4282Kb
 bounds [0x0000016af0ee0000, 0x0000016af1150000, 0x0000016af1480000]
 total_blobs=9544 nmethods=8747 adapters=703
 compilation: enabled
              stopped_count=0, restarted_count=0
 full_count=0

Compilation events (20 events):
Event: 53.808 Thread 0x0000016afc568050 9502       3       org.eclipse.lsp4j.jsonrpc.json.adapters.MessageTypeAdapter$Factory::create (27 bytes)
Event: 53.809 Thread 0x0000016afc568050 nmethod 9502 0x0000016aeabd3f90 code [0x0000016aeabd4160, 0x0000016aeabd44e8]
Event: 53.810 Thread 0x0000016afc568050 9503   !   3       org.eclipse.lsp4j.jsonrpc.json.adapters.EnumTypeAdapter$Factory::create (55 bytes)
Event: 53.811 Thread 0x0000016afc568050 nmethod 9503 0x0000016aeabd4690 code [0x0000016aeabd48c0, 0x0000016aeabd4e10]
Event: 53.816 Thread 0x0000016afc568050 9504       3       com.google.gson.internal.GsonTypes::getRawType (179 bytes)
Event: 53.818 Thread 0x0000016afc568050 nmethod 9504 0x0000016aeabd5090 code [0x0000016aeabd5480, 0x0000016aeabd7098]
Event: 53.819 Thread 0x0000016afc568050 9506       3       com.google.gson.internal.GsonTypes::equals (286 bytes)
Event: 53.821 Thread 0x0000016afc568050 nmethod 9506 0x0000016aeabd7710 code [0x0000016aeabd7bc0, 0x0000016aeabda668]
Event: 53.821 Thread 0x0000016afc568050 9505       3       com.google.gson.internal.GsonTypes::canonicalize (139 bytes)
Event: 53.823 Thread 0x0000016afc568050 nmethod 9505 0x0000016aeabdac90 code [0x0000016aeabdb020, 0x0000016aeabdc950]
Event: 53.823 Thread 0x0000016afc568050 9508       3       com.google.gson.stream.JsonWriter::closeScope (95 bytes)
Event: 53.825 Thread 0x0000016afc568050 nmethod 9508 0x0000016aeabdce90 code [0x0000016aeabdd120, 0x0000016aeabddb28]
Event: 53.825 Thread 0x0000016afc568050 9509   !   3       java.util.concurrent.locks.AbstractQueuedSynchronizer::tryInitializeHead (66 bytes)
Event: 53.825 Thread 0x0000016afc568050 nmethod 9509 0x0000016aeabddf10 code [0x0000016aeabde100, 0x0000016aeabde628]
Event: 53.838 Thread 0x0000016afab85890 nmethod 9392 0x0000016af1b13a90 code [0x0000016af1b13ea0, 0x0000016af1b16c00]
Event: 53.838 Thread 0x0000016afab85890 9459       4       org.eclipse.jdt.internal.compiler.util.CharArray::hashCode (8 bytes)
Event: 53.840 Thread 0x0000016afab85890 nmethod 9459 0x0000016af1b17d90 code [0x0000016af1b17f40, 0x0000016af1b18208]
Event: 53.840 Thread 0x0000016afab85890 9388       4       java.lang.invoke.BoundMethodHandle$Species_L::make (11 bytes)
Event: 53.847 Thread 0x0000016afab85890 nmethod 9388 0x0000016af1b18310 code [0x0000016af1b184c0, 0x0000016af1b18728]
Event: 53.847 Thread 0x0000016afab85890 9507       4       java.lang.invoke.MethodHandles$Lookup::getDirectFieldNoSecurityManager (12 bytes)

GC Heap History (20 events):
Event: 53.448 GC heap after
{Heap after GC invocations=519 (full 3):
 PSYoungGen      total 2560K, used 928K [0x00000000eab00000, 0x00000000eae80000, 0x0000000100000000)
  eden space 1536K, 0% used [0x00000000eab00000,0x00000000eab00000,0x00000000eac80000)
  from space 1024K, 90% used [0x00000000ead80000,0x00000000eae68000,0x00000000eae80000)
  to   space 1024K, 0% used [0x00000000eac80000,0x00000000eac80000,0x00000000ead80000)
 ParOldGen       total 500736K, used 500455K [0x00000000c0000000, 0x00000000de900000, 0x00000000eab00000)
  object space 500736K, 99% used [0x00000000c0000000,0x00000000de8b9c68,0x00000000de900000)
 Metaspace       used 65591K, committed 66880K, reserved 1114112K
  class space    used 6904K, committed 7488K, reserved 1048576K
}
Event: 53.461 GC heap before
{Heap before GC invocations=520 (full 3):
 PSYoungGen      total 2560K, used 2464K [0x00000000eab00000, 0x00000000eae80000, 0x0000000100000000)
  eden space 1536K, 100% used [0x00000000eab00000,0x00000000eac80000,0x00000000eac80000)
  from space 1024K, 90% used [0x00000000ead80000,0x00000000eae68000,0x00000000eae80000)
  to   space 1024K, 0% used [0x00000000eac80000,0x00000000eac80000,0x00000000ead80000)
 ParOldGen       total 500736K, used 500455K [0x00000000c0000000, 0x00000000de900000, 0x00000000eab00000)
  object space 500736K, 99% used [0x00000000c0000000,0x00000000de8b9c68,0x00000000de900000)
 Metaspace       used 65606K, committed 66944K, reserved 1114112K
  class space    used 6904K, committed 7488K, reserved 1048576K
}
Event: 53.466 GC heap after
{Heap after GC invocations=520 (full 3):
 PSYoungGen      total 2560K, used 1024K [0x00000000eab00000, 0x00000000eb100000, 0x0000000100000000)
  eden space 1536K, 0% used [0x00000000eab00000,0x00000000eab00000,0x00000000eac80000)
  from space 1024K, 100% used [0x00000000eac80000,0x00000000ead80000,0x00000000ead80000)
  to   space 2048K, 0% used [0x00000000eaf00000,0x00000000eaf00000,0x00000000eb100000)
 ParOldGen       total 501248K, used 501247K [0x00000000c0000000, 0x00000000de980000, 0x00000000eab00000)
  object space 501248K, 99% used [0x00000000c0000000,0x00000000de97fc68,0x00000000de980000)
 Metaspace       used 65606K, committed 66944K, reserved 1114112K
  class space    used 6904K, committed 7488K, reserved 1048576K
}
Event: 53.493 GC heap before
{Heap before GC invocations=521 (full 3):
 PSYoungGen      total 2560K, used 2560K [0x00000000eab00000, 0x00000000eb100000, 0x0000000100000000)
  eden space 1536K, 100% used [0x00000000eab00000,0x00000000eac80000,0x00000000eac80000)
  from space 1024K, 100% used [0x00000000eac80000,0x00000000ead80000,0x00000000ead80000)
  to   space 2048K, 0% used [0x00000000eaf00000,0x00000000eaf00000,0x00000000eb100000)
 ParOldGen       total 501248K, used 501247K [0x00000000c0000000, 0x00000000de980000, 0x00000000eab00000)
  object space 501248K, 99% used [0x00000000c0000000,0x00000000de97fc68,0x00000000de980000)
 Metaspace       used 65630K, committed 66944K, reserved 1114112K
  class space    used 6904K, committed 7488K, reserved 1048576K
}
Event: 53.499 GC heap after
{Heap after GC invocations=521 (full 3):
 PSYoungGen      total 3584K, used 1088K [0x00000000eab00000, 0x00000000eb080000, 0x0000000100000000)
  eden space 2048K, 0% used [0x00000000eab00000,0x00000000eab00000,0x00000000ead00000)
  from space 1536K, 70% used [0x00000000eaf00000,0x00000000eb010000,0x00000000eb080000)
  to   space 1536K, 0% used [0x00000000ead80000,0x00000000ead80000,0x00000000eaf00000)
 ParOldGen       total 502784K, used 502295K [0x00000000c0000000, 0x00000000deb00000, 0x00000000eab00000)
  object space 502784K, 99% used [0x00000000c0000000,0x00000000dea85c68,0x00000000deb00000)
 Metaspace       used 65630K, committed 66944K, reserved 1114112K
  class space    used 6904K, committed 7488K, reserved 1048576K
}
Event: 53.521 GC heap before
{Heap before GC invocations=522 (full 3):
 PSYoungGen      total 3584K, used 3136K [0x00000000eab00000, 0x00000000eb080000, 0x0000000100000000)
  eden space 2048K, 100% used [0x00000000eab00000,0x00000000ead00000,0x00000000ead00000)
  from space 1536K, 70% used [0x00000000eaf00000,0x00000000eb010000,0x00000000eb080000)
  to   space 1536K, 0% used [0x00000000ead80000,0x00000000ead80000,0x00000000eaf00000)
 ParOldGen       total 502784K, used 502295K [0x00000000c0000000, 0x00000000deb00000, 0x00000000eab00000)
  object space 502784K, 99% used [0x00000000c0000000,0x00000000dea85c68,0x00000000deb00000)
 Metaspace       used 65641K, committed 66944K, reserved 1114112K
  class space    used 6904K, committed 7488K, reserved 1048576K
}
Event: 53.527 GC heap after
{Heap after GC invocations=522 (full 3):
 PSYoungGen      total 4096K, used 1504K [0x00000000eab00000, 0x00000000eb180000, 0x0000000100000000)
  eden space 2560K, 0% used [0x00000000eab00000,0x00000000eab00000,0x00000000ead80000)
  from space 1536K, 97% used [0x00000000ead80000,0x00000000eaef8000,0x00000000eaf00000)
  to   space 2048K, 0% used [0x00000000eaf80000,0x00000000eaf80000,0x00000000eb180000)
 ParOldGen       total 503808K, used 503311K [0x00000000c0000000, 0x00000000dec00000, 0x00000000eab00000)
  object space 503808K, 99% used [0x00000000c0000000,0x00000000deb83c68,0x00000000dec00000)
 Metaspace       used 65641K, committed 66944K, reserved 1114112K
  class space    used 6904K, committed 7488K, reserved 1048576K
}
Event: 53.611 GC heap before
{Heap before GC invocations=523 (full 3):
 PSYoungGen      total 4096K, used 4055K [0x00000000eab00000, 0x00000000eb180000, 0x0000000100000000)
  eden space 2560K, 99% used [0x00000000eab00000,0x00000000ead7dda8,0x00000000ead80000)
  from space 1536K, 97% used [0x00000000ead80000,0x00000000eaef8000,0x00000000eaf00000)
  to   space 2048K, 0% used [0x00000000eaf80000,0x00000000eaf80000,0x00000000eb180000)
 ParOldGen       total 503808K, used 503311K [0x00000000c0000000, 0x00000000dec00000, 0x00000000eab00000)
  object space 503808K, 99% used [0x00000000c0000000,0x00000000deb83c68,0x00000000dec00000)
 Metaspace       used 65830K, committed 67136K, reserved 1114112K
  class space    used 6924K, committed 7488K, reserved 1048576K
}
Event: 53.626 GC heap after
{Heap after GC invocations=523 (full 3):
 PSYoungGen      total 3584K, used 915K [0x00000000eab00000, 0x00000000eb080000, 0x0000000100000000)
  eden space 2560K, 0% used [0x00000000eab00000,0x00000000eab00000,0x00000000ead80000)
  from space 1024K, 89% used [0x00000000eaf80000,0x00000000eb064cc0,0x00000000eb080000)
  to   space 1536K, 0% used [0x00000000ead80000,0x00000000ead80000,0x00000000eaf00000)
 ParOldGen       total 504832K, used 504675K [0x00000000c0000000, 0x00000000ded00000, 0x00000000eab00000)
  object space 504832K, 99% used [0x00000000c0000000,0x00000000decd8c78,0x00000000ded00000)
 Metaspace       used 65830K, committed 67136K, reserved 1114112K
  class space    used 6924K, committed 7488K, reserved 1048576K
}
Event: 53.702 GC heap before
{Heap before GC invocations=524 (full 3):
 PSYoungGen      total 3584K, used 3475K [0x00000000eab00000, 0x00000000eb080000, 0x0000000100000000)
  eden space 2560K, 100% used [0x00000000eab00000,0x00000000ead80000,0x00000000ead80000)
  from space 1024K, 89% used [0x00000000eaf80000,0x00000000eb064cc0,0x00000000eb080000)
  to   space 1536K, 0% used [0x00000000ead80000,0x00000000ead80000,0x00000000eaf00000)
 ParOldGen       total 504832K, used 504675K [0x00000000c0000000, 0x00000000ded00000, 0x00000000eab00000)
  object space 504832K, 99% used [0x00000000c0000000,0x00000000decd8c78,0x00000000ded00000)
 Metaspace       used 65996K, committed 67328K, reserved 1114112K
  class space    used 6952K, committed 7552K, reserved 1048576K
}
Event: 53.709 GC heap after
{Heap after GC invocations=524 (full 3):
 PSYoungGen      total 4096K, used 1174K [0x00000000eab00000, 0x00000000eb080000, 0x0000000100000000)
  eden space 2560K, 0% used [0x00000000eab00000,0x00000000eab00000,0x00000000ead80000)
  from space 1536K, 76% used [0x00000000ead80000,0x00000000eaea5a00,0x00000000eaf00000)
  to   space 1536K, 0% used [0x00000000eaf00000,0x00000000eaf00000,0x00000000eb080000)
 ParOldGen       total 505856K, used 505423K [0x00000000c0000000, 0x00000000dee00000, 0x00000000eab00000)
  object space 505856K, 99% used [0x00000000c0000000,0x00000000ded93ef8,0x00000000dee00000)
 Metaspace       used 65996K, committed 67328K, reserved 1114112K
  class space    used 6952K, committed 7552K, reserved 1048576K
}
Event: 53.741 GC heap before
{Heap before GC invocations=525 (full 3):
 PSYoungGen      total 4096K, used 3734K [0x00000000eab00000, 0x00000000eb080000, 0x0000000100000000)
  eden space 2560K, 100% used [0x00000000eab00000,0x00000000ead80000,0x00000000ead80000)
  from space 1536K, 76% used [0x00000000ead80000,0x00000000eaea5a00,0x00000000eaf00000)
  to   space 1536K, 0% used [0x00000000eaf00000,0x00000000eaf00000,0x00000000eb080000)
 ParOldGen       total 505856K, used 505423K [0x00000000c0000000, 0x00000000dee00000, 0x00000000eab00000)
  object space 505856K, 99% used [0x00000000c0000000,0x00000000ded93ef8,0x00000000dee00000)
 Metaspace       used 66062K, committed 67392K, reserved 1114112K
  class space    used 6964K, committed 7552K, reserved 1048576K
}
Event: 53.747 GC heap after
{Heap after GC invocations=525 (full 3):
 PSYoungGen      total 4096K, used 1408K [0x00000000eab00000, 0x00000000eb080000, 0x0000000100000000)
  eden space 2560K, 0% used [0x00000000eab00000,0x00000000eab00000,0x00000000ead80000)
  from space 1536K, 91% used [0x00000000eaf00000,0x00000000eb060000,0x00000000eb080000)
  to   space 1536K, 0% used [0x00000000ead80000,0x00000000ead80000,0x00000000eaf00000)
 ParOldGen       total 506880K, used 506415K [0x00000000c0000000, 0x00000000def00000, 0x00000000eab00000)
  object space 506880K, 99% used [0x00000000c0000000,0x00000000dee8bef8,0x00000000def00000)
 Metaspace       used 66062K, committed 67392K, reserved 1114112K
  class space    used 6964K, committed 7552K, reserved 1048576K
}
Event: 53.793 GC heap before
{Heap before GC invocations=526 (full 3):
 PSYoungGen      total 4096K, used 3965K [0x00000000eab00000, 0x00000000eb080000, 0x0000000100000000)
  eden space 2560K, 99% used [0x00000000eab00000,0x00000000ead7f680,0x00000000ead80000)
  from space 1536K, 91% used [0x00000000eaf00000,0x00000000eb060000,0x00000000eb080000)
  to   space 1536K, 0% used [0x00000000ead80000,0x00000000ead80000,0x00000000eaf00000)
 ParOldGen       total 506880K, used 506415K [0x00000000c0000000, 0x00000000def00000, 0x00000000eab00000)
  object space 506880K, 99% used [0x00000000c0000000,0x00000000dee8bef8,0x00000000def00000)
 Metaspace       used 66104K, committed 67392K, reserved 1114112K
  class space    used 6971K, committed 7552K, reserved 1048576K
}
Event: 53.804 GC heap after
{Heap after GC invocations=526 (full 3):
 PSYoungGen      total 4096K, used 1536K [0x00000000eab00000, 0x00000000eb480000, 0x0000000100000000)
  eden space 2560K, 0% used [0x00000000eab00000,0x00000000eab00000,0x00000000ead80000)
  from space 1536K, 100% used [0x00000000ead80000,0x00000000eaf00000,0x00000000eaf00000)
  to   space 3584K, 0% used [0x00000000eb100000,0x00000000eb100000,0x00000000eb480000)
 ParOldGen       total 507904K, used 507839K [0x00000000c0000000, 0x00000000df000000, 0x00000000eab00000)
  object space 507904K, 99% used [0x00000000c0000000,0x00000000defefef8,0x00000000df000000)
 Metaspace       used 66104K, committed 67392K, reserved 1114112K
  class space    used 6971K, committed 7552K, reserved 1048576K
}
Event: 53.875 GC heap before
{Heap before GC invocations=527 (full 3):
 PSYoungGen      total 4096K, used 4096K [0x00000000eab00000, 0x00000000eb480000, 0x0000000100000000)
  eden space 2560K, 100% used [0x00000000eab00000,0x00000000ead80000,0x00000000ead80000)
  from space 1536K, 100% used [0x00000000ead80000,0x00000000eaf00000,0x00000000eaf00000)
  to   space 3584K, 0% used [0x00000000eb100000,0x00000000eb100000,0x00000000eb480000)
 ParOldGen       total 507904K, used 507839K [0x00000000c0000000, 0x00000000df000000, 0x00000000eab00000)
  object space 507904K, 99% used [0x00000000c0000000,0x00000000defefef8,0x00000000df000000)
 Metaspace       used 66140K, committed 67456K, reserved 1114112K
  class space    used 6975K, committed 7552K, reserved 1048576K
}
Event: 53.883 GC heap after
{Heap after GC invocations=527 (full 3):
 PSYoungGen      total 4608K, used 1856K [0x00000000eab00000, 0x00000000eb300000, 0x0000000100000000)
  eden space 2560K, 0% used [0x00000000eab00000,0x00000000eab00000,0x00000000ead80000)
  from space 2048K, 90% used [0x00000000eb100000,0x00000000eb2d0000,0x00000000eb300000)
  to   space 2560K, 0% used [0x00000000eae00000,0x00000000eae00000,0x00000000eb080000)
 ParOldGen       total 509440K, used 509407K [0x00000000c0000000, 0x00000000df180000, 0x00000000eab00000)
  object space 509440K, 99% used [0x00000000c0000000,0x00000000df177ef8,0x00000000df180000)
 Metaspace       used 66140K, committed 67456K, reserved 1114112K
  class space    used 6975K, committed 7552K, reserved 1048576K
}
Event: 53.925 GC heap before
{Heap before GC invocations=528 (full 3):
 PSYoungGen      total 4608K, used 4416K [0x00000000eab00000, 0x00000000eb300000, 0x0000000100000000)
  eden space 2560K, 100% used [0x00000000eab00000,0x00000000ead80000,0x00000000ead80000)
  from space 2048K, 90% used [0x00000000eb100000,0x00000000eb2d0000,0x00000000eb300000)
  to   space 2560K, 0% used [0x00000000eae00000,0x00000000eae00000,0x00000000eb080000)
 ParOldGen       total 509440K, used 509407K [0x00000000c0000000, 0x00000000df180000, 0x00000000eab00000)
  object space 509440K, 99% used [0x00000000c0000000,0x00000000df177ef8,0x00000000df180000)
 Metaspace       used 66140K, committed 67456K, reserved 1114112K
  class space    used 6975K, committed 7552K, reserved 1048576K
}
Event: 53.933 GC heap after
{Heap after GC invocations=528 (full 3):
 PSYoungGen      total 4608K, used 1984K [0x00000000eab00000, 0x00000000eb180000, 0x0000000100000000)
  eden space 2560K, 0% used [0x00000000eab00000,0x00000000eab00000,0x00000000ead80000)
  from space 2048K, 96% used [0x00000000eae00000,0x00000000eaff0000,0x00000000eb000000)
  to   space 1536K, 0% used [0x00000000eb000000,0x00000000eb000000,0x00000000eb180000)
 ParOldGen       total 511488K, used 511183K [0x00000000c0000000, 0x00000000df380000, 0x00000000eab00000)
  object space 511488K, 99% used [0x00000000c0000000,0x00000000df333ef8,0x00000000df380000)
 Metaspace       used 66140K, committed 67456K, reserved 1114112K
  class space    used 6975K, committed 7552K, reserved 1048576K
}
Event: 53.980 GC heap before
{Heap before GC invocations=529 (full 3):
 PSYoungGen      total 4608K, used 4544K [0x00000000eab00000, 0x00000000eb180000, 0x0000000100000000)
  eden space 2560K, 100% used [0x00000000eab00000,0x00000000ead80000,0x00000000ead80000)
  from space 2048K, 96% used [0x00000000eae00000,0x00000000eaff0000,0x00000000eb000000)
  to   space 1536K, 0% used [0x00000000eb000000,0x00000000eb000000,0x00000000eb180000)
 ParOldGen       total 511488K, used 511183K [0x00000000c0000000, 0x00000000df380000, 0x00000000eab00000)
  object space 511488K, 99% used [0x00000000c0000000,0x00000000df333ef8,0x00000000df380000)
 Metaspace       used 66140K, committed 67456K, reserved 1114112K
  class space    used 6975K, committed 7552K, reserved 1048576K
}

Dll operation events (14 events):
Event: 0.036 Loaded shared library c:\Users\Muhammad_Irfan\.vscode\extensions\redhat.java-1.42.0-win32-x64\jre\21.0.7-win32-x86_64\bin\java.dll
Event: 0.245 Loaded shared library c:\Users\Muhammad_Irfan\.vscode\extensions\redhat.java-1.42.0-win32-x64\jre\21.0.7-win32-x86_64\bin\zip.dll
Event: 0.309 Loaded shared library C:\Users\Muhammad_Irfan\.vscode\extensions\redhat.java-1.42.0-win32-x64\jre\21.0.7-win32-x86_64\bin\instrument.dll
Event: 0.319 Loaded shared library C:\Users\Muhammad_Irfan\.vscode\extensions\redhat.java-1.42.0-win32-x64\jre\21.0.7-win32-x86_64\bin\net.dll
Event: 0.325 Loaded shared library C:\Users\Muhammad_Irfan\.vscode\extensions\redhat.java-1.42.0-win32-x64\jre\21.0.7-win32-x86_64\bin\nio.dll
Event: 0.334 Loaded shared library C:\Users\Muhammad_Irfan\.vscode\extensions\redhat.java-1.42.0-win32-x64\jre\21.0.7-win32-x86_64\bin\zip.dll
Event: 0.409 Loaded shared library C:\Users\Muhammad_Irfan\.vscode\extensions\redhat.java-1.42.0-win32-x64\jre\21.0.7-win32-x86_64\bin\jimage.dll
Event: 0.637 Loaded shared library c:\Users\Muhammad_Irfan\.vscode\extensions\redhat.java-1.42.0-win32-x64\jre\21.0.7-win32-x86_64\bin\verify.dll
Event: 4.065 Loaded shared library C:\Users\Muhammad_Irfan\AppData\Roaming\Code\User\globalStorage\redhat.java\1.42.0\config_win\org.eclipse.equinox.launcher\org.eclipse.equinox.launcher.win32.win32.x86_64_1.2.1300.v20250331-1702\eclipse_11911.dll
Event: 8.733 Loaded shared library C:\Users\Muhammad_Irfan\.vscode\extensions\redhat.java-1.42.0-win32-x64\jre\21.0.7-win32-x86_64\bin\management.dll
Event: 8.740 Loaded shared library C:\Users\Muhammad_Irfan\.vscode\extensions\redhat.java-1.42.0-win32-x64\jre\21.0.7-win32-x86_64\bin\management_ext.dll
Event: 12.879 Loaded shared library C:\Users\Muhammad_Irfan\AppData\Local\Temp\jna-1298829103\jna17774245882165572691.dll
Event: 13.946 Loaded shared library C:\Users\Muhammad_Irfan\.vscode\extensions\redhat.java-1.42.0-win32-x64\jre\21.0.7-win32-x86_64\bin\sunmscapi.dll
Event: 14.188 Loaded shared library C:\Users\Muhammad_Irfan\.vscode\extensions\redhat.java-1.42.0-win32-x64\jre\21.0.7-win32-x86_64\bin\extnet.dll

Deoptimization events (20 events):
Event: 52.903 Thread 0x0000016afd6a6ee0 DEOPT PACKING pc=0x0000016aea82d226 sp=0x00000045e9cfcf60
Event: 52.903 Thread 0x0000016afd6a6ee0 DEOPT UNPACKING pc=0x0000016af0f34242 sp=0x00000045e9cfc450 mode 0
Event: 52.904 Thread 0x0000016afd6a6ee0 DEOPT PACKING pc=0x0000016aea82d226 sp=0x00000045e9cfcf60
Event: 52.904 Thread 0x0000016afd6a6ee0 DEOPT UNPACKING pc=0x0000016af0f34242 sp=0x00000045e9cfc450 mode 0
Event: 52.904 Thread 0x0000016afd6a6ee0 DEOPT PACKING pc=0x0000016aea82d226 sp=0x00000045e9cfcf60
Event: 52.905 Thread 0x0000016afd6a6ee0 DEOPT UNPACKING pc=0x0000016af0f34242 sp=0x00000045e9cfc450 mode 0
Event: 52.905 Thread 0x0000016afd6a6ee0 DEOPT PACKING pc=0x0000016aea82d226 sp=0x00000045e9cfcf60
Event: 52.905 Thread 0x0000016afd6a6ee0 DEOPT UNPACKING pc=0x0000016af0f34242 sp=0x00000045e9cfc450 mode 0
Event: 52.906 Thread 0x0000016afd6a6ee0 DEOPT PACKING pc=0x0000016aea82d226 sp=0x00000045e9cfcf60
Event: 52.906 Thread 0x0000016afd6a6ee0 DEOPT UNPACKING pc=0x0000016af0f34242 sp=0x00000045e9cfc450 mode 0
Event: 52.906 Thread 0x0000016afd6a6ee0 DEOPT PACKING pc=0x0000016aea82d226 sp=0x00000045e9cfcf60
Event: 52.907 Thread 0x0000016afd6a6ee0 DEOPT UNPACKING pc=0x0000016af0f34242 sp=0x00000045e9cfc450 mode 0
Event: 53.516 Thread 0x0000016afd6a6ee0 Uncommon trap: trap_request=0xffffffd6 fr.pc=0x0000016af1a4a3d0 relative=0x0000000000000830
Event: 53.516 Thread 0x0000016afd6a6ee0 Uncommon trap: reason=array_check action=maybe_recompile pc=0x0000016af1a4a3d0 method=java.util.TimSort.reverseRange([Ljava/lang/Object;II)V @ 20 c2
Event: 53.516 Thread 0x0000016afd6a6ee0 DEOPT PACKING pc=0x0000016af1a4a3d0 sp=0x00000045e9cfd740
Event: 53.516 Thread 0x0000016afd6a6ee0 DEOPT UNPACKING pc=0x0000016af0f33aa2 sp=0x00000045e9cfd660 mode 2
Event: 53.765 Thread 0x0000016afd6a6ee0 Uncommon trap: trap_request=0xffffffde fr.pc=0x0000016af1a0959c relative=0x000000000000007c
Event: 53.765 Thread 0x0000016afd6a6ee0 Uncommon trap: reason=class_check action=maybe_recompile pc=0x0000016af1a0959c method=java.util.LinkedHashMap.afterNodeInsertion(Z)V @ 15 c2
Event: 53.765 Thread 0x0000016afd6a6ee0 DEOPT PACKING pc=0x0000016af1a0959c sp=0x00000045e9cfe800
Event: 53.765 Thread 0x0000016afd6a6ee0 DEOPT UNPACKING pc=0x0000016af0f33aa2 sp=0x00000045e9cfe778 mode 2

Classes loaded (20 events):
Event: 34.291 Loading class java/util/concurrent/CompletableFuture$UniExceptionally
Event: 34.292 Loading class java/util/concurrent/CompletableFuture$UniExceptionally done
Event: 34.374 Loading class java/lang/invoke/MethodHandleImpl$CountingWrapper$1
Event: 34.374 Loading class java/lang/invoke/MethodHandleImpl$CountingWrapper$1 done
Event: 34.662 Loading class java/nio/file/Files$2
Event: 34.662 Loading class java/nio/file/Files$2 done
Event: 34.722 Loading class java/util/concurrent/ArrayBlockingQueue
Event: 34.723 Loading class java/util/concurrent/ArrayBlockingQueue done
Event: 50.346 Loading class jdk/internal/event/SecurityPropertyModificationEvent
Event: 50.372 Loading class jdk/internal/event/SecurityPropertyModificationEvent done
Event: 50.460 Loading class java/util/concurrent/ConcurrentHashMap$TreeNode
Event: 50.462 Loading class java/util/concurrent/ConcurrentHashMap$TreeNode done
Event: 50.462 Loading class java/util/concurrent/ConcurrentHashMap$TreeBin
Event: 50.472 Loading class java/util/concurrent/ConcurrentHashMap$TreeBin done
Event: 50.613 Loading class java/util/zip/CheckedInputStream
Event: 50.615 Loading class java/util/zip/CheckedInputStream done
Event: 50.859 Loading class java/util/zip/GZIPInputStream$1
Event: 50.859 Loading class java/util/zip/GZIPInputStream$1 done
Event: 53.231 Loading class jdk/internal/ref/CleanerImpl$InnocuousThreadFactory
Event: 53.232 Loading class jdk/internal/ref/CleanerImpl$InnocuousThreadFactory done

Classes unloaded (13 events):
Event: 10.184 Thread 0x0000016ae687ebc0 Unloading class 0x0000016a811a0c00 'java/lang/invoke/LambdaForm$MH+0x0000016a811a0c00'
Event: 10.184 Thread 0x0000016ae687ebc0 Unloading class 0x0000016a811a0800 'java/lang/invoke/LambdaForm$MH+0x0000016a811a0800'
Event: 10.184 Thread 0x0000016ae687ebc0 Unloading class 0x0000016a811a0400 'java/lang/invoke/LambdaForm$MH+0x0000016a811a0400'
Event: 10.184 Thread 0x0000016ae687ebc0 Unloading class 0x0000016a811a0000 'java/lang/invoke/LambdaForm$MH+0x0000016a811a0000'
Event: 10.184 Thread 0x0000016ae687ebc0 Unloading class 0x0000016a8119fc00 'java/lang/invoke/LambdaForm$BMH+0x0000016a8119fc00'
Event: 10.184 Thread 0x0000016ae687ebc0 Unloading class 0x0000016a8119f800 'java/lang/invoke/LambdaForm$DMH+0x0000016a8119f800'
Event: 10.184 Thread 0x0000016ae687ebc0 Unloading class 0x0000016a8119e400 'java/lang/invoke/LambdaForm$DMH+0x0000016a8119e400'
Event: 13.354 Thread 0x0000016ae687ebc0 Unloading class 0x0000016a812dc800 'java/lang/invoke/LambdaForm$MH+0x0000016a812dc800'
Event: 13.354 Thread 0x0000016ae687ebc0 Unloading class 0x0000016a812dbc00 'java/lang/invoke/LambdaForm$MH+0x0000016a812dbc00'
Event: 13.354 Thread 0x0000016ae687ebc0 Unloading class 0x0000016a812db400 'java/lang/invoke/LambdaForm$MH+0x0000016a812db400'
Event: 13.354 Thread 0x0000016ae687ebc0 Unloading class 0x0000016a812dac00 'java/lang/invoke/LambdaForm$MH+0x0000016a812dac00'
Event: 13.354 Thread 0x0000016ae687ebc0 Unloading class 0x0000016a812da800 'java/lang/invoke/LambdaForm$DMH+0x0000016a812da800'
Event: 13.354 Thread 0x0000016ae687ebc0 Unloading class 0x0000016a812d9c00 'java/lang/invoke/LambdaForm$MH+0x0000016a812d9c00'

Classes redefined (0 events):
No events

Internal exceptions (20 events):
Event: 33.642 Thread 0x0000016ac5648100 Exception <a 'java/lang/LinkageError'{0x00000000eaba8108}: loader lombok.launch.ShadowClassLoader @4ad0c0b5 attempted duplicate class definition for lombok.launch.PatchFixesHider$ExtensionMethod. (lombok.launch.PatchFixesHider$ExtensionMethod is in unnamed module of loader lombok.launch.ShadowClassLoader @4ad0c0b5, parent loader org.eclipse.osgi.internal.loader.EquinoxClassLoader @1e673a1d)> (0x00000000eaba8108) 
thrown [s\src\hotspot\share\classfile\systemDictionary.cpp, line 1682]
Event: 34.238 Thread 0x0000016ac5648100 Exception <a 'sun/nio/fs/WindowsException'{0x00000000eab7fd18}> (0x00000000eab7fd18) 
thrown [s\src\hotspot\share\prims\jni.cpp, line 520]
Event: 34.239 Thread 0x0000016ac5648100 Exception <a 'sun/nio/fs/WindowsException'{0x00000000eab80568}> (0x00000000eab80568) 
thrown [s\src\hotspot\share\prims\jni.cpp, line 520]
Event: 34.244 Thread 0x0000016ac5648100 Exception <a 'sun/nio/fs/WindowsException'{0x00000000eab83cf0}> (0x00000000eab83cf0) 
thrown [s\src\hotspot\share\prims\jni.cpp, line 520]
Event: 34.244 Thread 0x0000016ac5648100 Exception <a 'sun/nio/fs/WindowsException'{0x00000000eab84860}> (0x00000000eab84860) 
thrown [s\src\hotspot\share\prims\jni.cpp, line 520]
Event: 34.245 Thread 0x0000016ac5648100 Exception <a 'sun/nio/fs/WindowsException'{0x00000000eab85700}> (0x00000000eab85700) 
thrown [s\src\hotspot\share\prims\jni.cpp, line 520]
Event: 34.246 Thread 0x0000016ac5648100 Exception <a 'sun/nio/fs/WindowsException'{0x00000000eab85d30}> (0x00000000eab85d30) 
thrown [s\src\hotspot\share\prims\jni.cpp, line 520]
Event: 34.247 Thread 0x0000016ac5648100 Exception <a 'sun/nio/fs/WindowsException'{0x00000000eab86b00}> (0x00000000eab86b00) 
thrown [s\src\hotspot\share\prims\jni.cpp, line 520]
Event: 34.247 Thread 0x0000016ac5648100 Exception <a 'sun/nio/fs/WindowsException'{0x00000000eab87130}> (0x00000000eab87130) 
thrown [s\src\hotspot\share\prims\jni.cpp, line 520]
Event: 34.274 Thread 0x0000016ac5648100 Exception <a 'java/lang/IncompatibleClassChangeError'{0x00000000eaccc848}: Found class java.lang.Object, but interface was expected> (0x00000000eaccc848) 
thrown [s\src\hotspot\share\interpreter\linkResolver.cpp, line 840]
Event: 34.301 Thread 0x0000016ac5648100 Exception <a 'java/lang/IncompatibleClassChangeError'{0x00000000eac7ae50}: Found class java.lang.Object, but interface was expected> (0x00000000eac7ae50) 
thrown [s\src\hotspot\share\interpreter\linkResolver.cpp, line 840]
Event: 34.743 Thread 0x0000016ac5648100 Exception <a 'java/lang/IncompatibleClassChangeError'{0x00000000ead47930}: Found class java.lang.Object, but interface was expected> (0x00000000ead47930) 
thrown [s\src\hotspot\share\interpreter\linkResolver.cpp, line 840]
Event: 34.860 Thread 0x0000016ac5648100 Exception <a 'java/lang/IncompatibleClassChangeError'{0x00000000eab26108}: Found class java.lang.Object, but interface was expected> (0x00000000eab26108) 
thrown [s\src\hotspot\share\interpreter\linkResolver.cpp, line 840]
Event: 49.495 Thread 0x0000016afca0edb0 Exception <a 'sun/nio/fs/WindowsException'{0x00000000eab1b248}> (0x00000000eab1b248) 
thrown [s\src\hotspot\share\prims\jni.cpp, line 520]
Event: 49.598 Thread 0x0000016afca0edb0 Implicit null exception at 0x0000016af18eb062 to 0x0000016af18ed8f0
Event: 50.282 Thread 0x0000016afca0edb0 Exception <a 'sun/nio/fs/WindowsException'{0x00000000eabc21d0}> (0x00000000eabc21d0) 
thrown [s\src\hotspot\share\prims\jni.cpp, line 520]
Event: 50.317 Thread 0x0000016ac5648100 Exception <a 'java/lang/IncompatibleClassChangeError'{0x00000000eacad7d8}: Found class java.lang.Object, but interface was expected> (0x00000000eacad7d8) 
thrown [s\src\hotspot\share\interpreter\linkResolver.cpp, line 840]
Event: 50.366 Thread 0x0000016ac56473e0 Exception <a 'java/lang/NoSuchMethodError'{0x00000000eac0dde0}: 'java.lang.Object java.lang.invoke.DirectMethodHandle$Holder.invokeSpecial(java.lang.Object, java.lang.Object, java.lang.Object, java.lang.Object, int, java.lang.Object, java.lang.Object)'> (0x00000000eac0dde0) 
thrown [s\src\hotspot\share\interpreter\linkResolver.cpp, line 773]
Event: 50.367 Thread 0x0000016ac5648e20 Exception <a 'java/lang/NoSuchMethodError'{0x00000000eac1e0b8}: 'java.lang.Object java.lang.invoke.DirectMethodHandle$Holder.invokeSpecial(java.lang.Object, java.lang.Object, java.lang.Object, java.lang.Object, int, java.lang.Object, java.lang.Object)'> (0x00000000eac1e0b8) 
thrown [s\src\hotspot\share\interpreter\linkResolver.cpp, line 773]
Event: 50.370 Thread 0x0000016ac5648100 Exception <a 'java/lang/IncompatibleClassChangeError'{0x00000000eac34e00}: Found class java.lang.Object, but interface was expected> (0x00000000eac34e00) 
thrown [s\src\hotspot\share\interpreter\linkResolver.cpp, line 840]

ZGC Phase Switch (0 events):
No events

VM Operations (20 events):
Event: 53.448 Executing VM operation: ParallelGCFailedAllocation (Allocation Failure) done
Event: 53.461 Executing VM operation: ParallelGCFailedAllocation (Allocation Failure)
Event: 53.466 Executing VM operation: ParallelGCFailedAllocation (Allocation Failure) done
Event: 53.493 Executing VM operation: ParallelGCFailedAllocation (Allocation Failure)
Event: 53.499 Executing VM operation: ParallelGCFailedAllocation (Allocation Failure) done
Event: 53.521 Executing VM operation: ParallelGCFailedAllocation (Allocation Failure)
Event: 53.527 Executing VM operation: ParallelGCFailedAllocation (Allocation Failure) done
Event: 53.609 Executing VM operation: ParallelGCFailedAllocation (Allocation Failure)
Event: 53.626 Executing VM operation: ParallelGCFailedAllocation (Allocation Failure) done
Event: 53.702 Executing VM operation: ParallelGCFailedAllocation (Allocation Failure)
Event: 53.709 Executing VM operation: ParallelGCFailedAllocation (Allocation Failure) done
Event: 53.741 Executing VM operation: ParallelGCFailedAllocation (Allocation Failure)
Event: 53.747 Executing VM operation: ParallelGCFailedAllocation (Allocation Failure) done
Event: 53.793 Executing VM operation: ParallelGCFailedAllocation (Allocation Failure)
Event: 53.804 Executing VM operation: ParallelGCFailedAllocation (Allocation Failure) done
Event: 53.875 Executing VM operation: ParallelGCFailedAllocation (Allocation Failure)
Event: 53.883 Executing VM operation: ParallelGCFailedAllocation (Allocation Failure) done
Event: 53.925 Executing VM operation: ParallelGCFailedAllocation (Allocation Failure)
Event: 53.933 Executing VM operation: ParallelGCFailedAllocation (Allocation Failure) done
Event: 53.979 Executing VM operation: ParallelGCFailedAllocation (Allocation Failure)

Memory protections (0 events):
No events

Nmethod flushes (20 events):
Event: 29.292 Thread 0x0000016ae687ebc0 flushing  nmethod 0x0000016aea28ea90
Event: 29.292 Thread 0x0000016ae687ebc0 flushing  nmethod 0x0000016aea28f010
Event: 29.292 Thread 0x0000016ae687ebc0 flushing  nmethod 0x0000016aea28f590
Event: 29.292 Thread 0x0000016ae687ebc0 flushing  nmethod 0x0000016aea290490
Event: 29.292 Thread 0x0000016ae687ebc0 flushing  nmethod 0x0000016aea290810
Event: 29.293 Thread 0x0000016ae687ebc0 flushing  nmethod 0x0000016aea290d10
Event: 29.293 Thread 0x0000016ae687ebc0 flushing  nmethod 0x0000016aea291590
Event: 29.293 Thread 0x0000016ae687ebc0 flushing  nmethod 0x0000016aea291a90
Event: 29.293 Thread 0x0000016ae687ebc0 flushing  nmethod 0x0000016aea292290
Event: 29.293 Thread 0x0000016ae687ebc0 flushing  nmethod 0x0000016aea2a4310
Event: 29.293 Thread 0x0000016ae687ebc0 flushing  nmethod 0x0000016aea2c4090
Event: 29.293 Thread 0x0000016ae687ebc0 flushing  nmethod 0x0000016aea2c4810
Event: 29.293 Thread 0x0000016ae687ebc0 flushing  nmethod 0x0000016aea2c5e90
Event: 29.293 Thread 0x0000016ae687ebc0 flushing  nmethod 0x0000016aea2c6910
Event: 29.293 Thread 0x0000016ae687ebc0 flushing  nmethod 0x0000016aea2c8690
Event: 29.293 Thread 0x0000016ae687ebc0 flushing  nmethod 0x0000016aea2dea10
Event: 29.293 Thread 0x0000016ae687ebc0 flushing  nmethod 0x0000016aea2e5810
Event: 29.293 Thread 0x0000016ae687ebc0 flushing  nmethod 0x0000016aea2ec210
Event: 29.293 Thread 0x0000016ae687ebc0 flushing  nmethod 0x0000016aea30f110
Event: 29.293 Thread 0x0000016ae687ebc0 flushing  nmethod 0x0000016aea312910

Events (20 events):
Event: 24.905 Thread 0x0000016afc568050 Thread added: 0x0000016ac5383d40
Event: 25.508 Thread 0x0000016ac5649b40 Thread exited: 0x0000016ac5649b40
Event: 33.180 Thread 0x0000016ac5383d40 Thread exited: 0x0000016ac5383d40
Event: 34.291 Thread 0x0000016ac5648100 Thread added: 0x0000016ac56473e0
Event: 34.609 Thread 0x0000016afca0e720 Thread added: 0x0000016ac5647a70
Event: 34.675 Thread 0x0000016ac5648100 Thread added: 0x0000016ac5649b40
Event: 34.719 Thread 0x0000016ac5648100 Thread added: 0x0000016ac56466c0
Event: 34.724 Thread 0x0000016afca0e720 Thread added: 0x0000016ac5648790
Event: 34.738 Thread 0x0000016ac56473e0 Thread added: 0x0000016ac5648e20
Event: 34.763 Thread 0x0000016ac5648100 Thread added: 0x0000016afd6a61c0
Event: 35.722 Thread 0x0000016afdad2410 Thread exited: 0x0000016afdad2410
Event: 41.112 Thread 0x0000016afc568050 Thread added: 0x0000016ac69b5530
Event: 41.801 Thread 0x0000016ac69b5530 Thread exited: 0x0000016ac69b5530
Event: 48.600 Thread 0x0000016afc568050 Thread added: 0x0000016ac69b7070
Event: 49.219 Thread 0x0000016ac69b7070 Thread exited: 0x0000016ac69b7070
Event: 50.290 Thread 0x0000016ac5648100 Thread added: 0x0000016afd6a6ee0
Event: 50.291 Thread 0x0000016ac5648100 Thread added: 0x0000016afd6a6850
Event: 50.411 Thread 0x0000016afd6a61c0 Thread added: 0x0000016afd6a7570
Event: 52.840 Thread 0x0000016afab85890 Thread added: 0x0000016ac69b5530
Event: 53.233 Thread 0x0000016afd6a6ee0 Thread added: 0x0000016afd6a4e10


Dynamic libraries:
0x00007ff61dec0000 - 0x00007ff61dece000 	c:\Users\Muhammad_Irfan\.vscode\extensions\redhat.java-1.42.0-win32-x64\jre\21.0.7-win32-x86_64\bin\java.exe
0x00007ffc28720000 - 0x00007ffc28986000 	C:\WINDOWS\SYSTEM32\ntdll.dll
0x00007ffc27a30000 - 0x00007ffc27af9000 	C:\WINDOWS\System32\KERNEL32.DLL
0x00007ffc25ac0000 - 0x00007ffc25e8c000 	C:\WINDOWS\System32\KERNELBASE.dll
0x00007ffc258b0000 - 0x00007ffc259fb000 	C:\WINDOWS\System32\ucrtbase.dll
0x00007ffbfee70000 - 0x00007ffbfee88000 	c:\Users\Muhammad_Irfan\.vscode\extensions\redhat.java-1.42.0-win32-x64\jre\21.0.7-win32-x86_64\bin\jli.dll
0x00007ffc27b00000 - 0x00007ffc27cca000 	C:\WINDOWS\System32\USER32.dll
0x00007ffc07ad0000 - 0x00007ffc07aee000 	c:\Users\Muhammad_Irfan\.vscode\extensions\redhat.java-1.42.0-win32-x64\jre\21.0.7-win32-x86_64\bin\VCRUNTIME140.dll
0x00007ffc264b0000 - 0x00007ffc264d7000 	C:\WINDOWS\System32\win32u.dll
0x00007ffc282d0000 - 0x00007ffc282fb000 	C:\WINDOWS\System32\GDI32.dll
0x00007ffc191c0000 - 0x00007ffc1945a000 	C:\WINDOWS\WinSxS\amd64_microsoft.windows.common-controls_6595b64144ccf1df_6.0.26100.3912_none_3e07963ce335137e\COMCTL32.dll
0x00007ffc25e90000 - 0x00007ffc25fc2000 	C:\WINDOWS\System32\gdi32full.dll
0x00007ffc26400000 - 0x00007ffc264a3000 	C:\WINDOWS\System32\msvcp_win.dll
0x00007ffc27980000 - 0x00007ffc27a29000 	C:\WINDOWS\System32\msvcrt.dll
0x00007ffc286a0000 - 0x00007ffc286d0000 	C:\WINDOWS\System32\IMM32.DLL
0x00007ffc0ce80000 - 0x00007ffc0ce8c000 	c:\Users\Muhammad_Irfan\.vscode\extensions\redhat.java-1.42.0-win32-x64\jre\21.0.7-win32-x86_64\bin\vcruntime140_1.dll
0x00007ffbd7440000 - 0x00007ffbd74cd000 	c:\Users\Muhammad_Irfan\.vscode\extensions\redhat.java-1.42.0-win32-x64\jre\21.0.7-win32-x86_64\bin\msvcp140.dll
0x00007ffb9e1c0000 - 0x00007ffb9ef50000 	c:\Users\Muhammad_Irfan\.vscode\extensions\redhat.java-1.42.0-win32-x64\jre\21.0.7-win32-x86_64\bin\server\jvm.dll
0x00007ffc27d00000 - 0x00007ffc27db2000 	C:\WINDOWS\System32\ADVAPI32.dll
0x00007ffc283e0000 - 0x00007ffc28486000 	C:\WINDOWS\System32\sechost.dll
0x00007ffc28490000 - 0x00007ffc285a6000 	C:\WINDOWS\System32\RPCRT4.dll
0x00007ffc27900000 - 0x00007ffc27974000 	C:\WINDOWS\System32\WS2_32.dll
0x00007ffc244a0000 - 0x00007ffc244fe000 	C:\WINDOWS\SYSTEM32\POWRPROF.dll
0x00007ffbfaba0000 - 0x00007ffbfabd6000 	C:\WINDOWS\SYSTEM32\WINMM.dll
0x00007ffc1f8f0000 - 0x00007ffc1f8fb000 	C:\WINDOWS\SYSTEM32\VERSION.dll
0x00007ffc24480000 - 0x00007ffc24494000 	C:\WINDOWS\SYSTEM32\UMPDC.dll
0x00007ffc24760000 - 0x00007ffc2477a000 	C:\WINDOWS\SYSTEM32\kernel.appcore.dll
0x00007ffc08360000 - 0x00007ffc0836a000 	c:\Users\Muhammad_Irfan\.vscode\extensions\redhat.java-1.42.0-win32-x64\jre\21.0.7-win32-x86_64\bin\jimage.dll
0x00007ffc231b0000 - 0x00007ffc233f1000 	C:\WINDOWS\SYSTEM32\DBGHELP.DLL
0x00007ffc27f20000 - 0x00007ffc282a4000 	C:\WINDOWS\System32\combase.dll
0x00007ffc27e30000 - 0x00007ffc27f10000 	C:\WINDOWS\System32\OLEAUT32.dll
0x00007ffc055c0000 - 0x00007ffc055f9000 	C:\WINDOWS\SYSTEM32\dbgcore.DLL
0x00007ffc26150000 - 0x00007ffc261e9000 	C:\WINDOWS\System32\bcryptPrimitives.dll
0x00007ffc08100000 - 0x00007ffc0810f000 	c:\Users\Muhammad_Irfan\.vscode\extensions\redhat.java-1.42.0-win32-x64\jre\21.0.7-win32-x86_64\bin\instrument.dll
0x00007ffbfcaa0000 - 0x00007ffbfcabf000 	c:\Users\Muhammad_Irfan\.vscode\extensions\redhat.java-1.42.0-win32-x64\jre\21.0.7-win32-x86_64\bin\java.dll
0x00007ffc265f0000 - 0x00007ffc26d1d000 	C:\WINDOWS\System32\SHELL32.dll
0x00007ffc261f0000 - 0x00007ffc26364000 	C:\WINDOWS\System32\wintypes.dll
0x00007ffc23500000 - 0x00007ffc23d56000 	C:\WINDOWS\SYSTEM32\windows.storage.dll
0x00007ffc264f0000 - 0x00007ffc265df000 	C:\WINDOWS\System32\SHCORE.dll
0x00007ffc27dc0000 - 0x00007ffc27e29000 	C:\WINDOWS\System32\shlwapi.dll
0x00007ffc257c0000 - 0x00007ffc257ef000 	C:\WINDOWS\SYSTEM32\profapi.dll
0x00007ffbf9340000 - 0x00007ffbf9358000 	c:\Users\Muhammad_Irfan\.vscode\extensions\redhat.java-1.42.0-win32-x64\jre\21.0.7-win32-x86_64\bin\zip.dll
0x00007ffc07fc0000 - 0x00007ffc07fd0000 	C:\Users\Muhammad_Irfan\.vscode\extensions\redhat.java-1.42.0-win32-x64\jre\21.0.7-win32-x86_64\bin\net.dll
0x00007ffc1d6e0000 - 0x00007ffc1d7fe000 	C:\WINDOWS\SYSTEM32\WINHTTP.dll
0x00007ffc24cc0000 - 0x00007ffc24d2a000 	C:\WINDOWS\system32\mswsock.dll
0x00007ffbf72c0000 - 0x00007ffbf72d6000 	C:\Users\Muhammad_Irfan\.vscode\extensions\redhat.java-1.42.0-win32-x64\jre\21.0.7-win32-x86_64\bin\nio.dll
0x00007ffc07180000 - 0x00007ffc07190000 	c:\Users\Muhammad_Irfan\.vscode\extensions\redhat.java-1.42.0-win32-x64\jre\21.0.7-win32-x86_64\bin\verify.dll
0x00007ffbef630000 - 0x00007ffbef675000 	C:\Users\Muhammad_Irfan\AppData\Roaming\Code\User\globalStorage\redhat.java\1.42.0\config_win\org.eclipse.equinox.launcher\org.eclipse.equinox.launcher.win32.win32.x86_64_1.2.1300.v20250331-1702\eclipse_11911.dll
0x00007ffc26d30000 - 0x00007ffc26ecf000 	C:\WINDOWS\System32\ole32.dll
0x00007ffc06ce0000 - 0x00007ffc06cea000 	C:\Users\Muhammad_Irfan\.vscode\extensions\redhat.java-1.42.0-win32-x64\jre\21.0.7-win32-x86_64\bin\management.dll
0x00007ffc06120000 - 0x00007ffc0612b000 	C:\Users\Muhammad_Irfan\.vscode\extensions\redhat.java-1.42.0-win32-x64\jre\21.0.7-win32-x86_64\bin\management_ext.dll
0x00007ffc28690000 - 0x00007ffc28698000 	C:\WINDOWS\System32\PSAPI.DLL
0x00007ffc24fa0000 - 0x00007ffc24fbc000 	C:\WINDOWS\SYSTEM32\CRYPTSP.dll
0x00007ffc246c0000 - 0x00007ffc246fa000 	C:\WINDOWS\system32\rsaenh.dll
0x00007ffc24d80000 - 0x00007ffc24dab000 	C:\WINDOWS\SYSTEM32\USERENV.dll
0x00007ffc25790000 - 0x00007ffc257b6000 	C:\WINDOWS\SYSTEM32\bcrypt.dll
0x00007ffc24fc0000 - 0x00007ffc24fcc000 	C:\WINDOWS\SYSTEM32\CRYPTBASE.dll
0x00007ffc240e0000 - 0x00007ffc24113000 	C:\WINDOWS\SYSTEM32\IPHLPAPI.DLL
0x00007ffc264e0000 - 0x00007ffc264ea000 	C:\WINDOWS\System32\NSI.dll
0x00007ffbef7c0000 - 0x00007ffbef809000 	C:\Users\Muhammad_Irfan\AppData\Local\Temp\jna-1298829103\jna17774245882165572691.dll
0x00007ffc1ded0000 - 0x00007ffc1deef000 	C:\WINDOWS\SYSTEM32\dhcpcsvc6.DLL
0x00007ffc1dd10000 - 0x00007ffc1dd35000 	C:\WINDOWS\SYSTEM32\dhcpcsvc.DLL
0x00007ffc060f0000 - 0x00007ffc060fe000 	C:\Users\Muhammad_Irfan\.vscode\extensions\redhat.java-1.42.0-win32-x64\jre\21.0.7-win32-x86_64\bin\sunmscapi.dll
0x00007ffc25fd0000 - 0x00007ffc26147000 	C:\WINDOWS\System32\CRYPT32.dll
0x00007ffc251b0000 - 0x00007ffc251e0000 	C:\WINDOWS\SYSTEM32\ncrypt.dll
0x00007ffc25160000 - 0x00007ffc2519f000 	C:\WINDOWS\SYSTEM32\NTASN1.dll
0x00007ffc24170000 - 0x00007ffc24297000 	C:\WINDOWS\SYSTEM32\DNSAPI.dll
0x00007ffc19460000 - 0x00007ffc1946b000 	C:\Windows\System32\rasadhlp.dll
0x00007ffc1bf80000 - 0x00007ffc1c006000 	C:\WINDOWS\System32\fwpuclnt.dll
0x00007ffc047e0000 - 0x00007ffc047e9000 	C:\Users\Muhammad_Irfan\.vscode\extensions\redhat.java-1.42.0-win32-x64\jre\21.0.7-win32-x86_64\bin\extnet.dll

dbghelp: loaded successfully - version: 4.0.5 - missing functions: none
symbol engine: initialized successfully - sym options: 0x614 - pdb path: .;c:\Users\Muhammad_Irfan\.vscode\extensions\redhat.java-1.42.0-win32-x64\jre\21.0.7-win32-x86_64\bin;C:\WINDOWS\SYSTEM32;C:\WINDOWS\WinSxS\amd64_microsoft.windows.common-controls_6595b64144ccf1df_6.0.26100.3912_none_3e07963ce335137e;c:\Users\Muhammad_Irfan\.vscode\extensions\redhat.java-1.42.0-win32-x64\jre\21.0.7-win32-x86_64\bin\server;C:\Users\Muhammad_Irfan\AppData\Roaming\Code\User\globalStorage\redhat.java\1.42.0\config_win\org.eclipse.equinox.launcher\org.eclipse.equinox.launcher.win32.win32.x86_64_1.2.1300.v20250331-1702;C:\Users\Muhammad_Irfan\AppData\Local\Temp\jna-1298829103

VM Arguments:
jvm_args: --add-modules=ALL-SYSTEM --add-opens=java.base/java.util=ALL-UNNAMED --add-opens=java.base/java.lang=ALL-UNNAMED --add-opens=java.base/sun.nio.fs=ALL-UNNAMED -Declipse.application=org.eclipse.jdt.ls.core.id1 -Dosgi.bundles.defaultStartLevel=4 -Declipse.product=org.eclipse.jdt.ls.core.product -Djava.import.generatesMetadataFilesAtProjectRoot=false -DDetectVMInstallationsJob.disabled=true -Dfile.encoding=utf8 -XX:+UseParallelGC -XX:GCTimeRatio=4 -XX:AdaptiveSizePolicyWeight=90 -Dsun.zip.disableMemoryMapping=true -Xmx1G -Xms100m -Xlog:disable -javaagent:c:\Users\Muhammad_Irfan\.vscode\extensions\redhat.java-1.42.0-win32-x64\lombok\lombok-1.18.36.jar -XX:+HeapDumpOnOutOfMemoryError -XX:HeapDumpPath=c:\Users\Muhammad_Irfan\AppData\Roaming\Code\User\workspaceStorage\95e866c9c986844f904b49aea24b03ea\redhat.java -Daether.dependencyCollector.impl=bf 
java_command: c:\Users\Muhammad_Irfan\.vscode\extensions\redhat.java-1.42.0-win32-x64\server\plugins\org.eclipse.equinox.launcher_1.7.0.v20250424-1814.jar -configuration c:\Users\Muhammad_Irfan\AppData\Roaming\Code\User\globalStorage\redhat.java\1.42.0\config_win -data c:\Users\Muhammad_Irfan\AppData\Roaming\Code\User\workspaceStorage\95e866c9c986844f904b49aea24b03ea\redhat.java\jdt_ws --pipe=\\.\pipe\lsp-52b4ded35f29a6e9e62db6b3f6864219-sock
java_class_path (initial): c:\Users\Muhammad_Irfan\.vscode\extensions\redhat.java-1.42.0-win32-x64\server\plugins\org.eclipse.equinox.launcher_1.7.0.v20250424-1814.jar
Launcher Type: SUN_STANDARD

[Global flags]
    uintx AdaptiveSizePolicyWeight                 = 90                                        {product} {command line}
     intx CICompilerCount                          = 4                                         {product} {ergonomic}
    uintx GCTimeRatio                              = 4                                         {product} {command line}
     bool HeapDumpOnOutOfMemoryError               = true                                   {manageable} {command line}
    ccstr HeapDumpPath                             = c:\Users\Muhammad_Irfan\AppData\Roaming\Code\User\workspaceStorage\95e866c9c986844f904b49aea24b03ea\redhat.java         {manageable} {command line}
   size_t InitialHeapSize                          = 104857600                                 {product} {command line}
   size_t MaxHeapSize                              = 1073741824                                {product} {command line}
   size_t MaxNewSize                               = 357564416                                 {product} {ergonomic}
   size_t MinHeapDeltaBytes                        = 524288                                    {product} {ergonomic}
   size_t MinHeapSize                              = 104857600                                 {product} {command line}
   size_t NewSize                                  = 34603008                                  {product} {ergonomic}
    uintx NonNMethodCodeHeapSize                   = 5839372                                {pd product} {ergonomic}
    uintx NonProfiledCodeHeapSize                  = 122909434                              {pd product} {ergonomic}
   size_t OldSize                                  = 70254592                                  {product} {ergonomic}
    uintx ProfiledCodeHeapSize                     = 122909434                              {pd product} {ergonomic}
    uintx ReservedCodeCacheSize                    = 251658240                              {pd product} {ergonomic}
     bool SegmentedCodeCache                       = true                                      {product} {ergonomic}
   size_t SoftMaxHeapSize                          = 1073741824                             {manageable} {ergonomic}
     bool UseCompressedOops                        = true                           {product lp64_product} {ergonomic}
     bool UseLargePagesIndividualAllocation        = false                                  {pd product} {ergonomic}
     bool UseParallelGC                            = true                                      {product} {command line}

Logging:
Log output configuration:
 #0: stdout all=off uptime,level,tags foldmultilines=false
 #1: stderr all=off uptime,level,tags foldmultilines=false

Environment Variables:
PATH=C:\Program Files\Common Files\Oracle\Java\javapath;C:\WINDOWS\system32;C:\WINDOWS;C:\WINDOWS\System32\Wbem;C:\WINDOWS\System32\WindowsPowerShell\v1.0\;C:\WINDOWS\System32\OpenSSH\;C:\Program Files\dotnet\;C:\Program Files\Docker\Docker\resources\bin;C:\Program Files\nodejs\;C:\Program Files\Git\cmd;C:\Users\Muhammad_Irfan\AppData\Local\Programs\Eclipse Adoptium\jdk-21.0.7.6-hotspot\bin;C:\Users\Muhammad_Irfan\AppData\Local\Programs\Python\Python313\Scripts\;C:\Users\Muhammad_Irfan\AppData\Local\Programs\Python\Python313\;C:\Users\Muhammad_Irfan\AppData\Local\Microsoft\WindowsApps;C:\Users\Muhammad_Irfan\AppData\Local\Programs\Microsoft VS Code\bin;C:\Users\Muhammad_Irfan\AppData\Roaming\npm;C:\Users\Muhammad_Irfan\AppData\Local\Microsoft\WinGet\Packages\Schniz.fnm_Microsoft.Winget.Source_8wekyb3d8bbwe;
USERNAME=Muhammad_Irfan
OS=Windows_NT
PROCESSOR_IDENTIFIER=Intel64 Family 6 Model 142 Stepping 10, GenuineIntel
TMP=C:\Users\MUHAMM~1\AppData\Local\Temp
TEMP=C:\Users\MUHAMM~1\AppData\Local\Temp




Periodic native trim disabled

---------------  S Y S T E M  ---------------

OS:
 Windows 11 , 64 bit Build 26100 (10.0.26100.3912)
OS uptime: 7 days 0:14 hours
Hyper-V role detected

CPU: total 8 (initial active 8) (4 cores per cpu, 2 threads per core) family 6 model 142 stepping 10 microcode 0xe0, cx8, cmov, fxsr, ht, mmx, 3dnowpref, sse, sse2, sse3, ssse3, sse4.1, sse4.2, popcnt, lzcnt, tsc, tscinvbit, avx, avx2, aes, erms, clmul, bmi1, bmi2, adx, fma, vzeroupper, clflush, clflushopt, hv, rdtscp, f16c
Processor Information for processor 0
  Max Mhz: 1992, Current Mhz: 1494, Mhz Limit: 1792
Processor Information for processor 1
  Max Mhz: 1992, Current Mhz: 1792, Mhz Limit: 1792
Processor Information for processor 2
  Max Mhz: 1992, Current Mhz: 1494, Mhz Limit: 1792
Processor Information for processor 3
  Max Mhz: 1992, Current Mhz: 1792, Mhz Limit: 1792
Processor Information for processor 4
  Max Mhz: 1992, Current Mhz: 1494, Mhz Limit: 1792
Processor Information for processor 5
  Max Mhz: 1992, Current Mhz: 1792, Mhz Limit: 1792
Processor Information for processor 6
  Max Mhz: 1992, Current Mhz: 1792, Mhz Limit: 1792
Processor Information for processor 7
  Max Mhz: 1992, Current Mhz: 1792, Mhz Limit: 1792

Memory: 4k page, system-wide physical 8025M (332M free)
TotalPageFile size 23124M (AvailPageFile size 101M)
current process WorkingSet (physical memory assigned to process): 512M, peak: 593M
current process commit charge ("private bytes"): 948M, peak: 948M

vm_info: OpenJDK 64-Bit Server VM (21.0.7+6-LTS) for windows-amd64 JRE (21.0.7+6-LTS), built on 2025-04-15T00:00:00Z by "admin" with MS VC++ 17.7 (VS2022)

END.
